[2022-08-30 17:00:41,130][__main__][INFO] - Running data pre process on data shape (1000, 18) 
[2022-08-30 17:00:54,818][__main__][INFO] - adding missing indicator columns with prefix null_ind_
[2022-08-30 17:00:54,912][__main__][INFO] - random train: (800, 31)
[2022-08-30 17:00:54,912][__main__][INFO] - random test: (200, 31)
[2022-08-30 17:00:54,920][utils_ml][INFO] - Start with data shape (800, 30)
[2022-08-30 17:00:54,964][numexpr.utils][INFO] - Note: NumExpr detected 12 cores but "NUMEXPR_MAX_THREADS" not set, so enforcing safe limit of 8.
[2022-08-30 17:00:54,965][numexpr.utils][INFO] - NumExpr defaulting to 8 threads.
[2022-08-30 17:00:54,998][utils_ml][INFO] - 0 highly correlated features: []
[2022-08-30 17:00:54,999][__main__][INFO] - removing corr features from the data: []
[2022-08-30 17:00:55,004][__main__][INFO] - Impute X train_data (binary with 0, numeric with mode)
[2022-08-30 17:00:55,414][__main__][INFO] - ----------------------Train data summary after imputation
[2022-08-30 17:00:57,698][__main__][INFO] - |                    |     | Missing   | Overall    |
|--------------------|-----|-----------|------------|
| n                  |     |           | 800        |
| X0, mean (SD)      |     | 0         | 0.3 (1.2)  |
| X1, mean (SD)      |     | 0         | 0.5 (1.1)  |
| X2, mean (SD)      |     | 0         | 1.6 (1.2)  |
| Z0, n (%)          | 0.0 | 0         | 350 (43.8) |
|                    | 1.0 |           | 450 (56.2) |
| Z1, mean (SD)      |     | 0         | 0.5 (0.3)  |
| W0, mean (SD)      |     | 0         | -0.7 (1.3) |
| W1, mean (SD)      |     | 0         | -0.7 (1.0) |
| W2, mean (SD)      |     | 0         | -0.4 (1.0) |
| W3, mean (SD)      |     | 0         | -0.2 (1.2) |
| W4, mean (SD)      |     | 0         | -0.4 (1.1) |
| W5, mean (SD)      |     | 0         | -0.2 (1.2) |
| W6, mean (SD)      |     | 0         | 1.5 (1.1)  |
| W7, mean (SD)      |     | 0         | 1.5 (1.1)  |
| W8, mean (SD)      |     | 0         | 1.4 (1.1)  |
| v0, n (%)          | 0   | 0         | 97 (12.1)  |
|                    | 1   |           | 703 (87.9) |
| y, n (%)           | 0   | 0         | 119 (14.9) |
|                    | 1   |           | 681 (85.1) |
| W00, mean (SD)     |     | 0         | -0.8 (1.4) |
| C0, n (%)          | A   | 0         | 160 (20.0) |
|                    | B   |           | 151 (18.9) |
|                    | C   |           | 160 (20.0) |
|                    | D   |           | 152 (19.0) |
|                    | E   |           | 177 (22.1) |
| null_ind_W0, n (%) | 0   | 0         | 748 (93.5) |
|                    | 1   |           | 52 (6.5)   |
| null_ind_W1, n (%) | 0   | 0         | 793 (99.1) |
|                    | 1   |           | 7 (0.9)    |
| null_ind_W2, n (%) | 0   | 0         | 792 (99.0) |
|                    | 1   |           | 8 (1.0)    |
| null_ind_W3, n (%) | 0   | 0         | 747 (93.4) |
|                    | 1   |           | 53 (6.6)   |
| null_ind_W4, n (%) | 0   | 0         | 784 (98.0) |
|                    | 1   |           | 16 (2.0)   |
| null_ind_W5, n (%) | 0   | 0         | 728 (91.0) |
|                    | 1   |           | 72 (9.0)   |
| null_ind_W6, n (%) | 0   | 0         | 785 (98.1) |
|                    | 1   |           | 15 (1.9)   |
| null_ind_W7, n (%) | 0   | 0         | 777 (97.1) |
|                    | 1   |           | 23 (2.9)   |
| null_ind_W8, n (%) | 0   | 0         | 750 (93.8) |
|                    | 1   |           | 50 (6.2)   |
| null_ind_X0, n (%) | 0   | 0         | 729 (91.1) |
|                    | 1   |           | 71 (8.9)   |
| null_ind_X1, n (%) | 0   | 0         | 792 (99.0) |
|                    | 1   |           | 8 (1.0)    |
| null_ind_X2, n (%) | 0   | 0         | 730 (91.2) |
|                    | 1   |           | 70 (8.8)   |
| null_ind_Z1, n (%) | 0   | 0         | 784 (98.0) |
|                    | 1   |           | 16 (2.0)   |
[2022-08-30 17:00:57,698][__main__][INFO] - Impute X test data
[2022-08-30 17:00:58,033][__main__][INFO] - -------FINAL TRAIN SHAPE: (800, 31)
[2022-08-30 17:00:58,034][__main__][INFO] - -------FINAL TEST SHAPE: (200, 31)
