[2022-08-30 13:12:25,135][__main__][INFO] - Running data pre process on data shape (10000, 18) 
[2022-08-30 13:12:26,510][__main__][INFO] - adding missing indicator columns with prefix null_ind_
[2022-08-30 13:12:26,563][__main__][INFO] - random train: (8000, 32)
[2022-08-30 13:12:26,564][__main__][INFO] - random test: (2000, 32)
[2022-08-30 13:12:26,566][utils][INFO] - 2022-08-30 13:12:26 - Start with data shape (8000, 31)
[2022-08-30 13:12:26,583][numexpr.utils][INFO] - Note: NumExpr detected 12 cores but "NUMEXPR_MAX_THREADS" not set, so enforcing safe limit of 8.
[2022-08-30 13:12:26,583][numexpr.utils][INFO] - NumExpr defaulting to 8 threads.
[2022-08-30 13:12:26,587][utils][INFO] - 2022-08-30 13:12:26 - 0 highly correlated features: []
[2022-08-30 13:12:26,588][__main__][INFO] - removing corr features from the data: []
[2022-08-30 13:12:26,590][__main__][INFO] - Impute X train_data (binary with 0, numeric with mode)
[2022-08-30 13:12:26,693][__main__][INFO] - ----------------------Train data summary after imputation
[2022-08-30 13:12:27,183][__main__][INFO] - |                    |     | Missing   | Overall     |
|--------------------|-----|-----------|-------------|
| n                  |     |           | 8000        |
| X0, mean (SD)      |     | 0         | 0.3 (1.2)   |
| X1, mean (SD)      |     | 0         | -0.8 (1.3)  |
| X2, n (%)          | 0.0 | 0         | 1825 (22.8) |
|                    | 1.0 |           | 2497 (31.2) |
|                    | 2.0 |           | 1831 (22.9) |
|                    | 3.0 |           | 1847 (23.1) |
| Z0, n (%)          | 0.0 | 0         | 7430 (92.9) |
|                    | 1.0 |           | 570 (7.1)   |
| Z1, mean (SD)      |     | 0         | 0.5 (0.3)   |
| W0, mean (SD)      |     | 0         | -0.7 (1.3)  |
| W1, mean (SD)      |     | 0         | -0.9 (1.3)  |
| W2, mean (SD)      |     | 0         | -0.8 (1.5)  |
| W3, mean (SD)      |     | 0         | -0.3 (1.3)  |
| W4, mean (SD)      |     | 0         | -0.4 (1.1)  |
| W5, mean (SD)      |     | 0         | -0.3 (1.4)  |
| W6, n (%)          | 0.0 | 0         | 1857 (23.2) |
|                    | 1.0 |           | 2415 (30.2) |
|                    | 2.0 |           | 1862 (23.3) |
|                    | 3.0 |           | 1866 (23.3) |
| W7, n (%)          | 0.0 | 0         | 1966 (24.6) |
|                    | 1.0 |           | 1987 (24.8) |
|                    | 2.0 |           | 2070 (25.9) |
|                    | 3.0 |           | 1977 (24.7) |
| W8, n (%)          | 0.0 | 0         | 1951 (24.4) |
|                    | 1.0 |           | 1933 (24.2) |
|                    | 2.0 |           | 2143 (26.8) |
|                    | 3.0 |           | 1973 (24.7) |
| v0, n (%)          | 0   | 0         | 825 (10.3)  |
|                    | 1   |           | 7175 (89.7) |
| y, n (%)           | 0   | 0         | 673 (8.4)   |
|                    | 1   |           | 7327 (91.6) |
| W00, mean (SD)     |     | 0         | -0.8 (1.4)  |
| C0, n (%)          | A   | 0         | 1577 (19.7) |
|                    | B   |           | 1650 (20.6) |
|                    | C   |           | 1604 (20.1) |
|                    | D   |           | 1577 (19.7) |
|                    | E   |           | 1592 (19.9) |
| null_ind_W0, n (%) | 0   | 0         | 7442 (93.0) |
|                    | 1   |           | 558 (7.0)   |
| null_ind_W1, n (%) | 0   | 0         | 7597 (95.0) |
|                    | 1   |           | 403 (5.0)   |
| null_ind_W2, n (%) | 0   | 0         | 7201 (90.0) |
|                    | 1   |           | 799 (10.0)  |
| null_ind_W3, n (%) | 0   | 0         | 7461 (93.3) |
|                    | 1   |           | 539 (6.7)   |
| null_ind_W4, n (%) | 0   | 0         | 7918 (99.0) |
|                    | 1   |           | 82 (1.0)    |
| null_ind_W5, n (%) | 0   | 0         | 7353 (91.9) |
|                    | 1   |           | 647 (8.1)   |
| null_ind_W6, n (%) | 0   | 0         | 7456 (93.2) |
|                    | 1   |           | 544 (6.8)   |
| null_ind_W7, n (%) | 0   | 0         | 7924 (99.1) |
|                    | 1   |           | 76 (0.9)    |
| null_ind_W8, n (%) | 0   | 0         | 7839 (98.0) |
|                    | 1   |           | 161 (2.0)   |
| null_ind_X0, n (%) | 0   | 0         | 7765 (97.1) |
|                    | 1   |           | 235 (2.9)   |
| null_ind_X1, n (%) | 0   | 0         | 7601 (95.0) |
|                    | 1   |           | 399 (5.0)   |
| null_ind_X2, n (%) | 0   | 0         | 7365 (92.1) |
|                    | 1   |           | 635 (7.9)   |
| null_ind_Z0, n (%) | 0   | 0         | 7698 (96.2) |
|                    | 1   |           | 302 (3.8)   |
| null_ind_Z1, n (%) | 0   | 0         | 7682 (96.0) |
|                    | 1   |           | 318 (4.0)   |
[2022-08-30 13:12:27,183][__main__][INFO] - Impute X test data
[2022-08-30 13:12:27,213][__main__][INFO] - -------FINAL TRAIN SHAPE: (8000, 32)
[2022-08-30 13:12:27,213][__main__][INFO] - -------FINAL TEST SHAPE: (2000, 32)
