[2022-08-29 23:34:45,337][__main__][INFO] - adding missing indicator columns with prefix null_ind_
[2022-08-29 23:34:45,378][__main__][INFO] - random train: (8000, 31)
[2022-08-29 23:34:45,379][__main__][INFO] - random test: (2000, 31)
[2022-08-29 23:34:45,379][__main__][INFO] - Impute X train_data (binary with 0, numeric with mode)
[2022-08-29 23:34:45,465][__main__][INFO] - ----------------------Train data summary after imputation
[2022-08-29 23:34:45,796][numexpr.utils][INFO] - Note: NumExpr detected 12 cores but "NUMEXPR_MAX_THREADS" not set, so enforcing safe limit of 8.
[2022-08-29 23:34:45,796][numexpr.utils][INFO] - NumExpr defaulting to 8 threads.
[2022-08-29 23:34:45,925][__main__][INFO] - |                    |       | Missing   | Overall     |
|--------------------|-------|-----------|-------------|
| n                  |       |           | 8000        |
| X0, mean (SD)      |       | 0         | 0.3 (1.1)   |
| X1, mean (SD)      |       | 0         | -0.6 (1.1)  |
| X2, n (%)          | 0     | 0         | 1905 (23.8) |
|                    | 1     |           | 2308 (28.8) |
|                    | 2     |           | 1896 (23.7) |
|                    | 3     |           | 1891 (23.6) |
| Z0, n (%)          | 0.0   | 0         | 7468 (93.3) |
|                    | 1.0   |           | 532 (6.7)   |
| Z1, mean (SD)      |       | 0         | 0.5 (0.3)   |
| W0, mean (SD)      |       | 0         | -0.6 (1.2)  |
| W1, mean (SD)      |       | 0         | -0.9 (1.3)  |
| W2, mean (SD)      |       | 0         | -0.7 (1.4)  |
| W3, mean (SD)      |       | 0         | -0.2 (1.1)  |
| W4, mean (SD)      |       | 0         | -0.8 (1.5)  |
| W5, mean (SD)      |       | 0         | -0.2 (1.3)  |
| W6, n (%)          | 0     | 0         | 1959 (24.5) |
|                    | 1     |           | 1965 (24.6) |
|                    | 2     |           | 2138 (26.7) |
|                    | 3     |           | 1938 (24.2) |
| W7, n (%)          | 0     | 0         | 1841 (23.0) |
|                    | 1     |           | 1851 (23.1) |
|                    | 2     |           | 2442 (30.5) |
|                    | 3     |           | 1866 (23.3) |
| W8, n (%)          | 0     | 0         | 1870 (23.4) |
|                    | 1     |           | 1843 (23.0) |
|                    | 2     |           | 2387 (29.8) |
|                    | 3     |           | 1900 (23.8) |
| v0, n (%)          | 0     | 0         | 825 (10.3)  |
|                    | 1     |           | 7175 (89.7) |
| y, n (%)           | False | 0         | 673 (8.4)   |
|                    | True  |           | 7327 (91.6) |
| C0, n (%)          | A     | 0         | 1658 (20.7) |
|                    | B     |           | 1562 (19.5) |
|                    | C     |           | 1541 (19.3) |
|                    | D     |           | 1551 (19.4) |
|                    | E     |           | 1688 (21.1) |
| null_ind_W0, n (%) | 0     | 0         | 7765 (97.1) |
|                    | 1     |           | 235 (2.9)   |
| null_ind_W1, n (%) | 0     | 0         | 7520 (94.0) |
|                    | 1     |           | 480 (6.0)   |
| null_ind_W2, n (%) | 0     | 0         | 7364 (92.0) |
|                    | 1     |           | 636 (8.0)   |
| null_ind_W3, n (%) | 0     | 0         | 7764 (97.0) |
|                    | 1     |           | 236 (2.9)   |
| null_ind_W4, n (%) | 0     | 0         | 7211 (90.1) |
|                    | 1     |           | 789 (9.9)   |
| null_ind_W5, n (%) | 0     | 0         | 7521 (94.0) |
|                    | 1     |           | 479 (6.0)   |
| null_ind_W6, n (%) | 0     | 0         | 7834 (97.9) |
|                    | 1     |           | 166 (2.1)   |
| null_ind_W7, n (%) | 0     | 0         | 7456 (93.2) |
|                    | 1     |           | 544 (6.8)   |
| null_ind_W8, n (%) | 0     | 0         | 7517 (94.0) |
|                    | 1     |           | 483 (6.0)   |
| null_ind_X0, n (%) | 0     | 0         | 7839 (98.0) |
|                    | 1     |           | 161 (2.0)   |
| null_ind_X1, n (%) | 0     | 0         | 7844 (98.0) |
|                    | 1     |           | 156 (1.9)   |
| null_ind_X2, n (%) | 0     | 0         | 7601 (95.0) |
|                    | 1     |           | 399 (5.0)   |
| null_ind_Z0, n (%) | 0     | 0         | 7196 (90.0) |
|                    | 1     |           | 804 (10.1)  |
| null_ind_Z1, n (%) | 0     | 0         | 7779 (97.2) |
|                    | 1     |           | 221 (2.8)   |
[2022-08-29 23:34:45,925][__main__][INFO] - Impute X test data
[2022-08-29 23:34:45,950][__main__][INFO] - -------FINAL TRAIN SHAPE: (8000, 31)
[2022-08-29 23:34:45,950][__main__][INFO] - -------FINAL TEST SHAPE: (2000, 31)
